<?xml version="1.0" encoding="UTF-8"?>
<!-- Generated by org.testng.reporters.JUnitReportReporter -->
<testsuite hostname="Vybhavi-HP" failures="0" tests="1" name="com.APIautomation.GETCALL.GetAllPosts" time="2.938" errors="0" timestamp="20 Jan 2022 16:29:21 GMT" skipped="0">
  <testcase classname="com.APIautomation.GETCALL.GetAllPosts" name="getallposts" time="2.938"/>
</testsuite> <!-- com.APIautomation.GETCALL.GetAllPosts -->
