<?xml version="1.0" encoding="UTF-8"?>
<!-- Generated by org.testng.reporters.JUnitReportReporter -->
<testsuite hostname="Vybhavi-HP" failures="0" tests="1" name="com.APIautomation.GETCALL.GetCallsWithParameters" time="3.052" errors="0" timestamp="20 Jan 2022 18:08:59 GMT" skipped="0">
  <testcase classname="com.APIautomation.GETCALL.GetCallsWithParameters" name="withParameters" time="3.052"/>
</testsuite> <!-- com.APIautomation.GETCALL.GetCallsWithParameters -->
