<?xml version="1.0" encoding="UTF-8"?>
<!-- Generated by org.testng.reporters.JUnitReportReporter -->
<testsuite hostname="Vybhavi-HP" failures="0" tests="1" name="com.APIautomation.GETCALL.Non_BDD_Approach" time="3.049" errors="0" timestamp="20 Jan 2022 18:39:29 GMT" skipped="0">
  <testcase classname="com.APIautomation.GETCALL.Non_BDD_Approach" name="getAllUsers" time="3.049"/>
</testsuite> <!-- com.APIautomation.GETCALL.Non_BDD_Approach -->
