<?xml version="1.0" encoding="UTF-8"?>
<!-- Generated by org.testng.reporters.JUnitReportReporter -->
<testsuite hostname="Vybhavi-HP" failures="0" tests="1" name="com.APIautomation.GETCALL.LogAllPost" time="3.091" errors="0" timestamp="20 Jan 2022 18:00:29 GMT" skipped="0">
  <testcase classname="com.APIautomation.GETCALL.LogAllPost" name="logAllPostApis" time="3.091"/>
</testsuite> <!-- com.APIautomation.GETCALL.LogAllPost -->
