<?xml version="1.0" encoding="UTF-8"?>
<!-- Generated by org.testng.reporters.JUnitReportReporter -->
<testsuite hostname="Vybhavi-HP" failures="0" tests="1" name="PostCalls.PostCallUsingLinkedHashMap" time="1.595" errors="0" timestamp="26 Jan 2022 01:58:35 GMT" skipped="0">
  <testcase classname="PostCalls.PostCallUsingLinkedHashMap" name="createUserWithMap" time="1.595"/>
</testsuite> <!-- PostCalls.PostCallUsingLinkedHashMap -->
