<?xml version="1.0" encoding="UTF-8"?>
<!-- Generated by org.testng.reporters.JUnitReportReporter -->
<testsuite hostname="Vybhavi-HP" failures="0" tests="1" name="com.APIautomation.GETCALL.NonBDD_InactiveUSERS" time="3.160" errors="0" timestamp="20 Jan 2022 18:55:07 GMT" skipped="0">
  <testcase classname="com.APIautomation.GETCALL.NonBDD_InactiveUSERS" name="allInActiveUsers" time="3.160"/>
</testsuite> <!-- com.APIautomation.GETCALL.NonBDD_InactiveUSERS -->
