<?xml version="1.0" encoding="UTF-8"?>
<!-- Generated by org.testng.reporters.JUnitReportReporter -->
<testsuite hostname="Vybhavi-HP" failures="0" tests="1" name="schemaValidator.GetSchema" time="3.020" errors="0" timestamp="26 Jan 2022 15:13:11 GMT" skipped="0">
  <testcase classname="schemaValidator.GetSchema" name="checkSchema" time="3.020"/>
</testsuite> <!-- schemaValidator.GetSchema -->
