<?xml version="1.0" encoding="UTF-8"?>
<!-- Generated by org.testng.reporters.JUnitReportReporter -->
<testsuite hostname="Vybhavi-HP" failures="0" tests="1" name="PostCalls.CreateNewUser" time="3.139" errors="0" timestamp="20 Jan 2022 22:18:21 GMT" skipped="0">
  <testcase classname="PostCalls.CreateNewUser" name="createnewUser" time="3.139"/>
</testsuite> <!-- PostCalls.CreateNewUser -->
