<?xml version="1.0" encoding="UTF-8"?>
<!-- Generated by org.testng.reporters.JUnitReportReporter -->
<testsuite hostname="Vybhavi-HP" failures="0" tests="1" name="schemaValidator.CheckSchemaMatches" time="3.007" errors="0" timestamp="26 Jan 2022 15:29:28 GMT" skipped="0">
  <testcase classname="schemaValidator.CheckSchemaMatches" name="checkSchemaMatches" time="3.007"/>
</testsuite> <!-- schemaValidator.CheckSchemaMatches -->
