<?xml version="1.0" encoding="UTF-8"?>
<!-- Generated by org.testng.reporters.JUnitReportReporter -->
<testsuite hostname="Vybhavi-HP" failures="0" tests="1" name="PostCalls.PostCallUsingJSONObject" time="1.276" errors="0" timestamp="26 Jan 2022 02:42:02 GMT" skipped="0">
  <testcase classname="PostCalls.PostCallUsingJSONObject" name="createuserwithJsonObject" time="1.276"/>
</testsuite> <!-- PostCalls.PostCallUsingJSONObject -->
