<?xml version="1.0" encoding="UTF-8"?>
<!-- Generated by org.testng.reporters.JUnitReportReporter -->
<testsuite hostname="Vybhavi-HP" failures="0" tests="1" name="com.APIautomation.GETCALL.GETcall" time="3.245" errors="0" timestamp="20 Jan 2022 15:47:05 GMT" skipped="0">
  <testcase classname="com.APIautomation.GETCALL.GETcall" name="getAllUsers" time="3.245"/>
</testsuite> <!-- com.APIautomation.GETCALL.GETcall -->
