<?xml version="1.0" encoding="UTF-8"?>
<!-- Generated by org.testng.reporters.JUnitReportReporter -->
<testsuite hostname="Vybhavi-HP" failures="0" tests="1" name="com.Pojo.postAPI.PostCallUsingJson" time="3.283" errors="0" timestamp="24 Jan 2022 22:32:24 GMT" skipped="0">
  <testcase classname="com.Pojo.postAPI.PostCallUsingJson" name="postCallusingJSONfile" time="3.283"/>
</testsuite> <!-- com.Pojo.postAPI.PostCallUsingJson -->
