<?xml version="1.0" encoding="UTF-8"?>
<!-- Generated by org.testng.reporters.JUnitReportReporter -->
<testsuite hostname="Vybhavi-HP" failures="0" tests="1" name="nestedPOJO.PostBooking" time="2.089" errors="0" timestamp="25 Jan 2022 21:33:17 GMT" skipped="0">
  <testcase classname="nestedPOJO.PostBooking" name="bookingdetails" time="2.089"/>
</testsuite> <!-- nestedPOJO.PostBooking -->
