<?xml version="1.0" encoding="UTF-8"?>
<!-- Generated by org.testng.reporters.JUnitReportReporter -->
<testsuite hostname="Vybhavi-HP" failures="0" tests="1" name="com.Pojo.postAPI.PostAPIpojo" time="2.018" errors="0" timestamp="24 Jan 2022 16:21:23 GMT" skipped="0">
  <testcase classname="com.Pojo.postAPI.PostAPIpojo" name="generatetokenusingPOJO" time="2.018"/>
</testsuite> <!-- com.Pojo.postAPI.PostAPIpojo -->
