<?xml version="1.0" encoding="UTF-8"?>
<!-- Generated by org.testng.reporters.JUnitReportReporter -->
<testsuite hostname="Vybhavi-HP" failures="0" tests="1" name="com.updateUsers.PutCall" time="3.126" errors="0" timestamp="24 Jan 2022 22:33:33 GMT" skipped="0">
  <testcase classname="com.updateUsers.PutCall" name="putcalltodata" time="3.126"/>
</testsuite> <!-- com.updateUsers.PutCall -->
