<?xml version="1.0" encoding="UTF-8"?>
<!-- Generated by org.testng.reporters.JUnitReportReporter -->
<testsuite hostname="Vybhavi-HP" failures="0" tests="1" name="com.APIautomation.GETCALL.GetAllPostAPI" time="2.982" errors="0" timestamp="20 Jan 2022 15:55:23 GMT" skipped="0">
  <testcase classname="com.APIautomation.GETCALL.GetAllPostAPI" name="getAllUserPost" time="2.982"/>
</testsuite> <!-- com.APIautomation.GETCALL.GetAllPostAPI -->
