<?xml version="1.0" encoding="UTF-8"?>
<!-- Generated by org.testng.reporters.JUnitReportReporter -->
<testsuite hostname="Vybhavi-HP" failures="0" tests="1" name="com.Pojo.postAPI.newUserwithPOJO" time="3.606" errors="0" timestamp="24 Jan 2022 16:54:48 GMT" skipped="0">
  <testcase classname="com.Pojo.postAPI.newUserwithPOJO" name="createNewUser" time="3.606"/>
</testsuite> <!-- com.Pojo.postAPI.newUserwithPOJO -->
