<?xml version="1.0" encoding="UTF-8"?>
<!-- Generated by org.testng.reporters.JUnitReportReporter -->
<testsuite hostname="Vybhavi-HP" failures="0" tests="1" name="com.api.getCall.GetCall" time="2.583" errors="0" timestamp="19 Jan 2022 19:15:17 GMT" skipped="0">
  <testcase classname="com.api.getCall.GetCall" name="getAllUsersAPI" time="2.583"/>
</testsuite> <!-- com.api.getCall.GetCall -->
