<?xml version="1.0" encoding="UTF-8"?>
<!-- Generated by org.testng.reporters.JUnitReportReporter -->
<testsuite hostname="Vybhavi-HP" failures="0" tests="1" name="PostCalls.CreateToken" time="1.824" errors="0" timestamp="20 Jan 2022 21:21:02 GMT" skipped="0">
  <testcase classname="PostCalls.CreateToken" name="tokenGenerator" time="1.824"/>
</testsuite> <!-- PostCalls.CreateToken -->
